\BOOKMARK [1][-]{section.1}{Introduction}{}% 1
\BOOKMARK [1][-]{section.2}{Exploratory Data Analysis \(EDA\)}{}% 2
\BOOKMARK [1][-]{section.3}{Feature Engineering}{}% 3
\BOOKMARK [1][-]{section.4}{Jupyter Notebook Project}{}% 4
\BOOKMARK [2][-]{subsection.4.1}{Quandl}{section.4}% 5
\BOOKMARK [2][-]{subsection.4.2}{Pull Kraken BTC price exchange data}{section.4}% 6
\BOOKMARK [3][-]{subsubsection.4.2.1}{Weighted Price}{subsection.4.2}% 7
\BOOKMARK [2][-]{subsection.4.3}{Pull pricing data for one more BTC exchange}{section.4}% 8
\BOOKMARK [1][-]{section.5}{Researching the model that will be best for the type of data}{}% 9
\BOOKMARK [1][-]{section.6}{Training and testing the model on data}{}% 10
\BOOKMARK [1][-]{section.7}{LSTM}{}% 11
\BOOKMARK [2][-]{subsection.7.1}{Adam Algorithm}{section.7}% 12
\BOOKMARK [2][-]{subsection.7.2}{Using additional features for model training}{section.7}% 13
\BOOKMARK [1][-]{section.8}{ARIMA}{}% 14
\BOOKMARK [2][-]{subsection.8.1}{Predicting the last value in the data \(Train and Test\)}{section.8}% 15
\BOOKMARK [2][-]{subsection.8.2}{Predicting the last value in the data}{section.8}% 16
\BOOKMARK [2][-]{subsection.8.3}{Predictions for the next 5 days}{section.8}% 17
\BOOKMARK [1][-]{section.9}{Results}{}% 18
\BOOKMARK [1][-]{section.10}{Conclusions}{}% 19
\BOOKMARK [1][-]{section.11}{Bitcoin Price Prediction using Prophet Facebook with CoinMarketCap API \(Optional\)}{}% 20
\BOOKMARK [1][-]{section.12}{Appendix}{}% 21
\BOOKMARK [2][-]{subsection.12.1}{Blockchain Tecnology}{section.12}% 22
\BOOKMARK [2][-]{subsection.12.2}{The basic components of the Blockchain}{section.12}% 23
\BOOKMARK [2][-]{subsection.12.3}{How Blockchain works}{section.12}% 24
\BOOKMARK [2][-]{subsection.12.4}{Characteristics of a Blockchain}{section.12}% 25
\BOOKMARK [2][-]{subsection.12.5}{Types of Blockchains}{section.12}% 26
\BOOKMARK [2][-]{subsection.12.6}{Bitcoin}{section.12}% 27
\BOOKMARK [2][-]{subsection.12.7}{How Bitcoin Works}{section.12}% 28
\BOOKMARK [2][-]{subsection.12.8}{What factors affect the price of Bitcoin?}{section.12}% 29
